<?xml version="1.0" encoding="UTF-8"?>
<!-- Generated by org.testng.reporters.JUnitXMLReporter -->
<testsuite hostname="IN00344" name="Default test" tests="1" failures="0" timestamp="8 Nov 2019 04:43:17 GMT" time="1.902" errors="0">
  <testcase name="@BeforeMethod Setup" time="0.0" classname="com.paytm.qa.TestCases.LoginPageTest">
    <failure type="org.openqa.selenium.SessionNotCreatedException" message="session not created: This version of ChromeDriver only supports Chrome version 75
Build info: version: &amp;apos;3.4.0&amp;apos;, revision: &amp;apos;unknown&amp;apos;, time: &amp;apos;unknown&amp;apos;
System info: host: &amp;apos;IN00344&amp;apos;, ip: &amp;apos;192.168.73.62&amp;apos;, os.name: &amp;apos;Windows 10&amp;apos;, os.arch: &amp;apos;amd64&amp;apos;, os.version: &amp;apos;10.0&amp;apos;, java.version: &amp;apos;1.8.0_191&amp;apos;
Driver info: driver.version: ChromeDriver
remote stacktrace: Backtrace:
	Ordinal0 [0x010E1B23+1448739]
	Ordinal0 [0x01065A11+940561]
	Ordinal0 [0x00FF2293+467603]
	Ordinal0 [0x00F8F27E+62078]
	Ordinal0 [0x00F8BBBD+48061]
	Ordinal0 [0x00FA8D19+167193]
	Ordinal0 [0x00FA88ED+166125]
	Ordinal0 [0x00FA6FFB+159739]
	Ordinal0 [0x00F909F6+68086]
	Ordinal0 [0x00F91990+72080]
	Ordinal0 [0x00F91929+71977]
	GetHandleVerifier [0x01222E4C+1172140]
	GetHandleVerifier [0x0117FE35+504469]
	GetHandleVerifier [0x0117FBD0+503856]
	Ordinal0 [0x010EC9A8+1493416]
	GetHandleVerifier [0x0118060A+506474]
	Ordinal0 [0x01077136+1012022]
	Ordinal0 [0x01076FAF+1011631]
	Ordinal0 [0x0108133B+1053499]
	Ordinal0 [0x010814A3+1053859]
	Ordinal0 [0x010804D5+1049813]
	BaseThreadInitThunk [0x750B3744+36]
	RtlSetCurrentTransaction [0x77BE9E54+212]
	RtlSetCurrentTransaction [0x77BE9E1F+159]
">
      <![CDATA[org.openqa.selenium.SessionNotCreatedException: session not created: This version of ChromeDriver only supports Chrome version 75
Build info: version: '3.4.0', revision: 'unknown', time: 'unknown'
System info: host: 'IN00344', ip: '192.168.73.62', os.name: 'Windows 10', os.arch: 'amd64', os.version: '10.0', java.version: '1.8.0_191'
Driver info: driver.version: ChromeDriver
remote stacktrace: Backtrace:
	Ordinal0 [0x010E1B23+1448739]
	Ordinal0 [0x01065A11+940561]
	Ordinal0 [0x00FF2293+467603]
	Ordinal0 [0x00F8F27E+62078]
	Ordinal0 [0x00F8BBBD+48061]
	Ordinal0 [0x00FA8D19+167193]
	Ordinal0 [0x00FA88ED+166125]
	Ordinal0 [0x00FA6FFB+159739]
	Ordinal0 [0x00F909F6+68086]
	Ordinal0 [0x00F91990+72080]
	Ordinal0 [0x00F91929+71977]
	GetHandleVerifier [0x01222E4C+1172140]
	GetHandleVerifier [0x0117FE35+504469]
	GetHandleVerifier [0x0117FBD0+503856]
	Ordinal0 [0x010EC9A8+1493416]
	GetHandleVerifier [0x0118060A+506474]
	Ordinal0 [0x01077136+1012022]
	Ordinal0 [0x01076FAF+1011631]
	Ordinal0 [0x0108133B+1053499]
	Ordinal0 [0x010814A3+1053859]
	Ordinal0 [0x010804D5+1049813]
	BaseThreadInitThunk [0x750B3744+36]
	RtlSetCurrentTransaction [0x77BE9E54+212]
	RtlSetCurrentTransaction [0x77BE9E1F+159]

	at sun.reflect.NativeConstructorAccessorImpl.newInstance0(Native Method)
	at sun.reflect.NativeConstructorAccessorImpl.newInstance(Unknown Source)
	at sun.reflect.DelegatingConstructorAccessorImpl.newInstance(Unknown Source)
	at java.lang.reflect.Constructor.newInstance(Unknown Source)
	at org.openqa.selenium.remote.W3CHandshakeResponse.lambda$new$0(W3CHandshakeResponse.java:57)
	at org.openqa.selenium.remote.W3CHandshakeResponse.lambda$getResponseFunction$2(W3CHandshakeResponse.java:104)
	at org.openqa.selenium.remote.ProtocolHandshake.lambda$createSession$22(ProtocolHandshake.java:365)
	at java.util.stream.ReferencePipeline$3$1.accept(Unknown Source)
	at java.util.Spliterators$ArraySpliterator.tryAdvance(Unknown Source)
	at java.util.stream.ReferencePipeline.forEachWithCancel(Unknown Source)
	at java.util.stream.AbstractPipeline.copyIntoWithCancel(Unknown Source)
	at java.util.stream.AbstractPipeline.copyInto(Unknown Source)
	at java.util.stream.AbstractPipeline.wrapAndCopyInto(Unknown Source)
	at java.util.stream.FindOps$FindOp.evaluateSequential(Unknown Source)
	at java.util.stream.AbstractPipeline.evaluate(Unknown Source)
	at java.util.stream.ReferencePipeline.findFirst(Unknown Source)
	at org.openqa.selenium.remote.ProtocolHandshake.createSession(ProtocolHandshake.java:368)
	at org.openqa.selenium.remote.ProtocolHandshake.createSession(ProtocolHandshake.java:159)
	at org.openqa.selenium.remote.HttpCommandExecutor.execute(HttpCommandExecutor.java:142)
	at org.openqa.selenium.remote.service.DriverCommandExecutor.execute(DriverCommandExecutor.java:82)
	at org.openqa.selenium.remote.RemoteWebDriver.execute(RemoteWebDriver.java:637)
	at org.openqa.selenium.remote.RemoteWebDriver.startSession(RemoteWebDriver.java:250)
	at org.openqa.selenium.remote.RemoteWebDriver.startSession(RemoteWebDriver.java:236)
	at org.openqa.selenium.remote.RemoteWebDriver.<init>(RemoteWebDriver.java:137)
	at org.openqa.selenium.chrome.ChromeDriver.<init>(ChromeDriver.java:184)
	at org.openqa.selenium.chrome.ChromeDriver.<init>(ChromeDriver.java:171)
	at org.openqa.selenium.chrome.ChromeDriver.<init>(ChromeDriver.java:158)
	at com.paytm.qa.base.TestBase.initalization(TestBase.java:62)
	at com.paytm.qa.TestCases.LoginPageTest.Setup(LoginPageTest.java:37)
	at sun.reflect.NativeMethodAccessorImpl.invoke0(Native Method)
	at sun.reflect.NativeMethodAccessorImpl.invoke(Unknown Source)
	at sun.reflect.DelegatingMethodAccessorImpl.invoke(Unknown Source)
	at java.lang.reflect.Method.invoke(Unknown Source)
	at org.testng.internal.MethodInvocationHelper.invokeMethod(MethodInvocationHelper.java:84)
	at org.testng.internal.Invoker.invokeConfigurationMethod(Invoker.java:564)
	at org.testng.internal.Invoker.invokeConfigurations(Invoker.java:213)
	at org.testng.internal.Invoker.invokeMethod(Invoker.java:653)
	at org.testng.internal.Invoker.invokeTestMethod(Invoker.java:901)
	at org.testng.internal.Invoker.invokeTestMethods(Invoker.java:1231)
	at org.testng.internal.TestMethodWorker.invokeTestMethods(TestMethodWorker.java:127)
	at org.testng.internal.TestMethodWorker.run(TestMethodWorker.java:111)
	at org.testng.TestRunner.privateRun(TestRunner.java:767)
	at org.testng.TestRunner.run(TestRunner.java:617)
	at org.testng.SuiteRunner.runTest(SuiteRunner.java:348)
	at org.testng.SuiteRunner.runSequentially(SuiteRunner.java:343)
	at org.testng.SuiteRunner.privateRun(SuiteRunner.java:305)
	at org.testng.SuiteRunner.run(SuiteRunner.java:254)
	at org.testng.SuiteRunnerWorker.runSuite(SuiteRunnerWorker.java:52)
	at org.testng.SuiteRunnerWorker.run(SuiteRunnerWorker.java:86)
	at org.testng.TestNG.runSuitesSequentially(TestNG.java:1224)
	at org.testng.TestNG.runSuitesLocally(TestNG.java:1149)
	at org.testng.TestNG.run(TestNG.java:1057)
	at org.testng.remote.AbstractRemoteTestNG.run(AbstractRemoteTestNG.java:114)
	at org.testng.remote.RemoteTestNG.initAndRun(RemoteTestNG.java:251)
	at org.testng.remote.RemoteTestNG.main(RemoteTestNG.java:77)
]]>
    </failure>
  </testcase> <!-- @BeforeMethod Setup -->
  <testcase name="PayForElectricityBill" time="0.001" classname="com.paytm.qa.TestCases.LoginPageTest">
    <skipped/>
  </testcase> <!-- PayForElectricityBill -->
</testsuite> <!-- Default test -->
